{"level":"info","message":"🚀 Server running on port 5000","service":"chat-support-backend","timestamp":"2025-08-27 00:25:52"}
{"level":"info","message":"📱 Frontend URL: http://localhost:3000","service":"chat-support-backend","timestamp":"2025-08-27 00:25:52"}
{"level":"info","message":"🌍 Environment: development","service":"chat-support-backend","timestamp":"2025-08-27 00:25:52"}
{"ip":"::1","level":"info","message":"Incoming request","method":"GET","service":"chat-support-backend","timestamp":"2025-08-27 00:26:26","url":"/api/health","userAgent":"axios/1.11.0"}
{"level":"info","message":"Health check performed","service":"chat-support-backend","status":"healthy","timestamp":"2025-08-27 00:26:26","uptime":35.2479949}
{"duration":"13ms","level":"info","message":"Request completed","method":"GET","service":"chat-support-backend","statusCode":200,"timestamp":"2025-08-27 00:26:26","url":"/health"}
{"ip":"::1","level":"info","message":"Incoming request","method":"POST","service":"chat-support-backend","timestamp":"2025-08-27 00:26:26","url":"/api/chat/start-session","userAgent":"axios/1.11.0"}
{"level":"info","message":"API key authentication successful","method":"POST","service":"chat-support-backend","timestamp":"2025-08-27 00:26:26","url":"/start-session"}
{"level":"info","message":"Session created","service":"chat-support-backend","sessionId":"97570b07-2c48-4a7f-9ac9-da63db50668f","timestamp":"2025-08-27 00:26:26","userId":"test-user-123","userType":"user"}
{"agentId":"agent_001","agentName":"Alice Support","currentLoad":0,"level":"info","message":"Agent assigned","service":"chat-support-backend","sessionId":"97570b07-2c48-4a7f-9ac9-da63db50668f","timestamp":"2025-08-27 00:26:26"}
{"agentId":"agent_001","level":"info","message":"Agent assigned to session","service":"chat-support-backend","sessionId":"97570b07-2c48-4a7f-9ac9-da63db50668f","timestamp":"2025-08-27 00:26:26"}
{"agentId":"agent_001","level":"info","message":"Chat session started","service":"chat-support-backend","sessionId":"97570b07-2c48-4a7f-9ac9-da63db50668f","status":"active","timestamp":"2025-08-27 00:26:26","userId":"test-user-123"}
{"duration":"15ms","level":"info","message":"Request completed","method":"POST","service":"chat-support-backend","statusCode":201,"timestamp":"2025-08-27 00:26:26","url":"/start-session"}
{"ip":"::1","level":"info","message":"Incoming request","method":"GET","service":"chat-support-backend","timestamp":"2025-08-27 00:26:26","url":"/api/chat/messages/97570b07-2c48-4a7f-9ac9-da63db50668f","userAgent":"axios/1.11.0"}
{"level":"info","message":"API key authentication successful","method":"GET","service":"chat-support-backend","timestamp":"2025-08-27 00:26:26","url":"/messages/97570b07-2c48-4a7f-9ac9-da63db50668f"}
{"level":"info","message":"Messages retrieved","messageCount":0,"service":"chat-support-backend","sessionId":"97570b07-2c48-4a7f-9ac9-da63db50668f","timestamp":"2025-08-27 00:26:26"}
{"duration":"10ms","level":"info","message":"Request completed","method":"GET","service":"chat-support-backend","statusCode":200,"timestamp":"2025-08-27 00:26:26","url":"/messages/97570b07-2c48-4a7f-9ac9-da63db50668f"}
{"ip":"::1","level":"info","message":"Incoming request","method":"GET","service":"chat-support-backend","timestamp":"2025-08-27 00:26:26","url":"/api/chat/stats","userAgent":"axios/1.11.0"}
{"level":"info","message":"API key authentication successful","method":"GET","service":"chat-support-backend","timestamp":"2025-08-27 00:26:26","url":"/stats"}
{"duration":"7ms","level":"info","message":"Request completed","method":"GET","service":"chat-support-backend","statusCode":200,"timestamp":"2025-08-27 00:26:26","url":"/stats"}
{"environment":"development","frontendUrl":"http://localhost:3000","level":"info","message":"Chat Support Server Started","port":"5000","service":"chat-support-backend","timestamp":"2025-08-28 00:02:19"}
{"ip":"::1","level":"info","message":"Incoming request","method":"GET","service":"chat-support-backend","timestamp":"2025-08-28 00:02:34","url":"/","userAgent":"PostmanRuntime/7.44.1"}
{"duration":"53ms","level":"info","message":"Request completed","method":"GET","service":"chat-support-backend","statusCode":200,"timestamp":"2025-08-28 00:02:34","url":"/"}
{"ip":"::1","level":"info","message":"Incoming request","method":"GET","service":"chat-support-backend","timestamp":"2025-08-28 00:05:01","url":"/","userAgent":"PostmanRuntime/7.44.1"}
{"duration":"3ms","level":"info","message":"Request completed","method":"GET","service":"chat-support-backend","statusCode":200,"timestamp":"2025-08-28 00:05:01","url":"/"}
{"environment":"development","frontendUrl":"http://localhost:3000","level":"info","message":"Chat Support Server Started","port":"5000","service":"chat-support-backend","timestamp":"2025-08-28 11:45:21"}
{"environment":"development","frontendUrl":"http://localhost:3000","level":"info","message":"Chat Support Server Started","port":"5000","service":"chat-support-backend","timestamp":"2025-08-28 11:45:35"}
{"environment":"development","frontendUrl":"http://localhost:3000","level":"info","message":"Chat Support Server Started","port":"5000","service":"chat-support-backend","timestamp":"2025-08-28 11:45:46"}
{"environment":"development","frontendUrl":"http://localhost:3000","level":"info","message":"Chat Support Server Started","port":"5000","service":"chat-support-backend","timestamp":"2025-08-28 11:45:57"}
{"environment":"development","frontendUrl":"http://localhost:3000","level":"info","message":"Chat Support Server Started","port":"5000","service":"chat-support-backend","timestamp":"2025-08-28 11:46:08"}
{"ip":"::1","level":"info","message":"Incoming request","method":"POST","service":"chat-support-backend","timestamp":"2025-08-28 12:45:15","url":"/api/auth/token","userAgent":"PostmanRuntime/7.44.1"}
{"body":{},"ip":"::1","level":"warn","message":"Invalid userId in auth token request","service":"chat-support-backend","timestamp":"2025-08-28 12:45:15"}
{"duration":"21ms","level":"info","message":"Request completed","method":"POST","service":"chat-support-backend","statusCode":400,"timestamp":"2025-08-28 12:45:15","url":"/auth/token"}
{"ip":"::1","level":"info","message":"Incoming request","method":"POST","service":"chat-support-backend","timestamp":"2025-08-28 12:46:30","url":"/api/auth/token","userAgent":"PostmanRuntime/7.44.1"}
{"body":{},"ip":"::1","level":"warn","message":"Invalid userId in auth token request","service":"chat-support-backend","timestamp":"2025-08-28 12:46:30"}
{"duration":"3ms","level":"info","message":"Request completed","method":"POST","service":"chat-support-backend","statusCode":400,"timestamp":"2025-08-28 12:46:30","url":"/auth/token"}
{"ip":"::1","level":"info","message":"Incoming request","method":"POST","service":"chat-support-backend","timestamp":"2025-08-28 12:48:37","url":"/api/auth/token","userAgent":"PostmanRuntime/7.44.1"}
{"expiresInDays":30,"level":"info","message":"JWT issued","service":"chat-support-backend","timestamp":"2025-08-28 12:48:37","userId":"user123","userType":"user"}
{"duration":"28ms","level":"info","message":"Request completed","method":"POST","service":"chat-support-backend","statusCode":201,"timestamp":"2025-08-28 12:48:37","url":"/auth/token"}
{"ip":"::1","level":"info","message":"Incoming request","method":"GET","service":"chat-support-backend","timestamp":"2025-08-28 12:53:17","url":"/api/health","userAgent":"PostmanRuntime/7.44.1"}
{"level":"info","message":"Health check performed","service":"chat-support-backend","status":"healthy","timestamp":"2025-08-28 12:53:17","uptime":4030.2647144}
{"duration":"5ms","level":"info","message":"Request completed","method":"GET","service":"chat-support-backend","statusCode":200,"timestamp":"2025-08-28 12:53:17","url":"/health"}
{"ip":"::1","level":"info","message":"Incoming request","method":"POST","service":"chat-support-backend","timestamp":"2025-08-28 12:55:51","url":"/api/chat/start-session","userAgent":"PostmanRuntime/7.44.1"}
{"level":"info","message":"JWT authentication successful","method":"POST","service":"chat-support-backend","timestamp":"2025-08-28 12:55:51","url":"/start-session","userId":"user123"}
{"body":{},"ip":"::1","level":"warn","message":"Invalid userId in start session request","service":"chat-support-backend","timestamp":"2025-08-28 12:55:51"}
{"duration":"24ms","level":"info","message":"Request completed","method":"POST","service":"chat-support-backend","statusCode":400,"timestamp":"2025-08-28 12:55:51","url":"/start-session"}
{"ip":"::1","level":"info","message":"Incoming request","method":"POST","service":"chat-support-backend","timestamp":"2025-08-28 12:57:05","url":"/api/chat/start-session","userAgent":"PostmanRuntime/7.44.1"}
{"level":"info","message":"JWT authentication successful","method":"POST","service":"chat-support-backend","timestamp":"2025-08-28 12:57:05","url":"/start-session","userId":"user123"}
{"level":"info","message":"Session created","service":"chat-support-backend","sessionId":"98fdc83e-a9be-439f-95a1-300aa1a3727f","timestamp":"2025-08-28 12:57:05","userId":"user1","userType":"user"}
{"agentId":"agent_001","agentName":"Alice Support","currentLoad":0,"level":"info","message":"Agent assigned","service":"chat-support-backend","sessionId":"98fdc83e-a9be-439f-95a1-300aa1a3727f","timestamp":"2025-08-28 12:57:05"}
{"agentId":"agent_001","level":"info","message":"Agent assigned to session","service":"chat-support-backend","sessionId":"98fdc83e-a9be-439f-95a1-300aa1a3727f","timestamp":"2025-08-28 12:57:05"}
{"agentId":"agent_001","level":"info","message":"Chat session started via API","service":"chat-support-backend","sessionId":"98fdc83e-a9be-439f-95a1-300aa1a3727f","status":"active","timestamp":"2025-08-28 12:57:05","userId":"user1","userType":"user"}
{"error":"agentService.getAgentById is not a function","level":"error","message":"Error starting session","service":"chat-support-backend","stack":"TypeError: agentService.getAgentById is not a function\n    at startSession (D:\\chat-support-backend\\src\\controllers\\chatController.js:24:36)\n    at process.processTicksAndRejections (node:internal/process/task_queues:105:5)","timestamp":"2025-08-28 12:57:05","userId":"user1"}
{"error":"agentService.getAgentById is not a function","ip":"::1","level":"error","message":"Error occurred","method":"POST","service":"chat-support-backend","stack":"TypeError: agentService.getAgentById is not a function\n    at startSession (D:\\chat-support-backend\\src\\controllers\\chatController.js:24:36)\n    at process.processTicksAndRejections (node:internal/process/task_queues:105:5)","timestamp":"2025-08-28 12:57:05","url":"/api/chat/start-session","userAgent":"PostmanRuntime/7.44.1"}
{"duration":"42ms","level":"info","message":"Request completed","method":"POST","service":"chat-support-backend","statusCode":500,"timestamp":"2025-08-28 12:57:05","url":"/api/chat/start-session"}
{"ip":"::1","level":"info","message":"Incoming request","method":"POST","service":"chat-support-backend","timestamp":"2025-08-28 12:57:35","url":"/api/chat/start-session","userAgent":"PostmanRuntime/7.44.1"}
{"level":"info","message":"JWT authentication successful","method":"POST","service":"chat-support-backend","timestamp":"2025-08-28 12:57:35","url":"/start-session","userId":"user123"}
{"level":"info","message":"Session created","service":"chat-support-backend","sessionId":"5eaf69d2-0451-412b-84de-59a598db9329","timestamp":"2025-08-28 12:57:35","userId":"user123","userType":"user"}
{"agentId":"agent_002","agentName":"Bob Support","currentLoad":0,"level":"info","message":"Agent assigned","service":"chat-support-backend","sessionId":"5eaf69d2-0451-412b-84de-59a598db9329","timestamp":"2025-08-28 12:57:35"}
{"agentId":"agent_002","level":"info","message":"Agent assigned to session","service":"chat-support-backend","sessionId":"5eaf69d2-0451-412b-84de-59a598db9329","timestamp":"2025-08-28 12:57:35"}
{"agentId":"agent_002","level":"info","message":"Chat session started via API","service":"chat-support-backend","sessionId":"5eaf69d2-0451-412b-84de-59a598db9329","status":"active","timestamp":"2025-08-28 12:57:35","userId":"user123","userType":"user"}
{"error":"agentService.getAgentById is not a function","level":"error","message":"Error starting session","service":"chat-support-backend","stack":"TypeError: agentService.getAgentById is not a function\n    at startSession (D:\\chat-support-backend\\src\\controllers\\chatController.js:24:36)\n    at process.processTicksAndRejections (node:internal/process/task_queues:105:5)","timestamp":"2025-08-28 12:57:35","userId":"user123"}
{"error":"agentService.getAgentById is not a function","ip":"::1","level":"error","message":"Error occurred","method":"POST","service":"chat-support-backend","stack":"TypeError: agentService.getAgentById is not a function\n    at startSession (D:\\chat-support-backend\\src\\controllers\\chatController.js:24:36)\n    at process.processTicksAndRejections (node:internal/process/task_queues:105:5)","timestamp":"2025-08-28 12:57:35","url":"/api/chat/start-session","userAgent":"PostmanRuntime/7.44.1"}
{"duration":"40ms","level":"info","message":"Request completed","method":"POST","service":"chat-support-backend","statusCode":500,"timestamp":"2025-08-28 12:57:35","url":"/api/chat/start-session"}
{"environment":"development","frontendUrl":"http://localhost:3000","level":"info","message":"Chat Support Server Started","port":"5000","service":"chat-support-backend","timestamp":"2025-08-28 13:05:45"}
{"environment":"development","frontendUrl":"http://localhost:3000","level":"info","message":"Chat Support Server Started","port":"5000","service":"chat-support-backend","timestamp":"2025-08-28 13:05:53"}
{"ip":"::1","level":"info","message":"Incoming request","method":"POST","service":"chat-support-backend","timestamp":"2025-08-28 13:06:19","url":"/api/chat/start-session","userAgent":"PostmanRuntime/7.44.1"}
{"level":"info","message":"JWT authentication successful","method":"POST","service":"chat-support-backend","timestamp":"2025-08-28 13:06:19","url":"/start-session","userId":"user123"}
{"level":"info","message":"Session created","service":"chat-support-backend","sessionId":"0d262b80-6872-4972-908d-af7ac76a2cba","timestamp":"2025-08-28 13:06:19","userId":"user123","userType":"user"}
{"agentId":"agent_001","agentName":"Alice Support","currentLoad":0,"level":"info","message":"Agent assigned","service":"chat-support-backend","sessionId":"0d262b80-6872-4972-908d-af7ac76a2cba","timestamp":"2025-08-28 13:06:19"}
{"agentId":"agent_001","level":"info","message":"Agent assigned to session","service":"chat-support-backend","sessionId":"0d262b80-6872-4972-908d-af7ac76a2cba","timestamp":"2025-08-28 13:06:19"}
{"agentId":"agent_001","level":"info","message":"Chat session started via API","service":"chat-support-backend","sessionId":"0d262b80-6872-4972-908d-af7ac76a2cba","status":"active","timestamp":"2025-08-28 13:06:19","userId":"user123","userType":"user"}
{"duration":"32ms","level":"info","message":"Request completed","method":"POST","service":"chat-support-backend","statusCode":201,"timestamp":"2025-08-28 13:06:19","url":"/start-session"}
{"ip":"::1","level":"info","message":"Incoming request","method":"GET","service":"chat-support-backend","timestamp":"2025-08-29 00:00:51","url":"/api/chat/session/:sessionId","userAgent":"PostmanRuntime/7.44.1"}
{"level":"info","message":"JWT authentication successful","method":"GET","service":"chat-support-backend","timestamp":"2025-08-29 00:00:51","url":"/session/:sessionId","userId":"user123"}
{"duration":"53ms","level":"info","message":"Request completed","method":"GET","service":"chat-support-backend","statusCode":404,"timestamp":"2025-08-29 00:00:51","url":"/session/:sessionId"}
{"ip":"::1","level":"info","message":"Incoming request","method":"GET","service":"chat-support-backend","timestamp":"2025-08-29 00:02:05","url":"/api/chat/session/:session-uuid-123","userAgent":"PostmanRuntime/7.44.1"}
{"level":"info","message":"JWT authentication successful","method":"GET","service":"chat-support-backend","timestamp":"2025-08-29 00:02:05","url":"/session/:session-uuid-123","userId":"user123"}
{"duration":"19ms","level":"info","message":"Request completed","method":"GET","service":"chat-support-backend","statusCode":404,"timestamp":"2025-08-29 00:02:05","url":"/session/:session-uuid-123"}
{"ip":"::1","level":"info","message":"Incoming request","method":"GET","service":"chat-support-backend","timestamp":"2025-08-29 00:04:09","url":"/api/chat/session/:0d262b80-6872-4972-908d-af7ac76a2cba","userAgent":"PostmanRuntime/7.44.1"}
{"level":"warn","message":"No authentication provided","method":"GET","service":"chat-support-backend","timestamp":"2025-08-29 00:04:09","url":"/session/:0d262b80-6872-4972-908d-af7ac76a2cba"}
{"duration":"3ms","level":"info","message":"Request completed","method":"GET","service":"chat-support-backend","statusCode":401,"timestamp":"2025-08-29 00:04:09","url":"/session/:0d262b80-6872-4972-908d-af7ac76a2cba"}
{"ip":"::1","level":"info","message":"Incoming request","method":"GET","service":"chat-support-backend","timestamp":"2025-08-29 00:04:34","url":"/api/chat/session/:0d262b80-6872-4972-908d-af7ac76a2cba","userAgent":"PostmanRuntime/7.44.1"}
{"level":"info","message":"JWT authentication successful","method":"GET","service":"chat-support-backend","timestamp":"2025-08-29 00:04:34","url":"/session/:0d262b80-6872-4972-908d-af7ac76a2cba","userId":"user123"}
{"duration":"9ms","level":"info","message":"Request completed","method":"GET","service":"chat-support-backend","statusCode":404,"timestamp":"2025-08-29 00:04:34","url":"/session/:0d262b80-6872-4972-908d-af7ac76a2cba"}
{"ip":"::1","level":"info","message":"Incoming request","method":"GET","service":"chat-support-backend","timestamp":"2025-08-29 00:05:13","url":"/api/chat/session/:0d262b80-6872-4972-908d-af7ac76a2cba","userAgent":"PostmanRuntime/7.44.1"}
{"level":"info","message":"JWT authentication successful","method":"GET","service":"chat-support-backend","timestamp":"2025-08-29 00:05:13","url":"/session/:0d262b80-6872-4972-908d-af7ac76a2cba","userId":"user123"}
{"duration":"10ms","level":"info","message":"Request completed","method":"GET","service":"chat-support-backend","statusCode":404,"timestamp":"2025-08-29 00:05:13","url":"/session/:0d262b80-6872-4972-908d-af7ac76a2cba"}
{"ip":"::1","level":"info","message":"Incoming request","method":"GET","service":"chat-support-backend","timestamp":"2025-08-29 00:06:44","url":"/api/chat/session/0d262b80-6872-4972-908d-af7ac76a2cba","userAgent":"PostmanRuntime/7.44.1"}
{"level":"info","message":"JWT authentication successful","method":"GET","service":"chat-support-backend","timestamp":"2025-08-29 00:06:44","url":"/session/0d262b80-6872-4972-908d-af7ac76a2cba","userId":"user123"}
{"duration":"22ms","level":"info","message":"Request completed","method":"GET","service":"chat-support-backend","statusCode":200,"timestamp":"2025-08-29 00:06:44","url":"/session/0d262b80-6872-4972-908d-af7ac76a2cba"}
{"ip":"::1","level":"info","message":"Incoming request","method":"GET","service":"chat-support-backend","timestamp":"2025-08-29 00:08:33","url":"/api/chat/session/0d262b80-6872-4972-908d-af7ac76a2cba?limit=50","userAgent":"PostmanRuntime/7.44.1"}
{"level":"info","message":"JWT authentication successful","method":"GET","service":"chat-support-backend","timestamp":"2025-08-29 00:08:33","url":"/session/0d262b80-6872-4972-908d-af7ac76a2cba?limit=50","userId":"user123"}
{"duration":"4ms","level":"info","message":"Request completed","method":"GET","service":"chat-support-backend","statusCode":200,"timestamp":"2025-08-29 00:08:33","url":"/session/0d262b80-6872-4972-908d-af7ac76a2cba?limit=50"}
{"ip":"::1","level":"info","message":"Incoming request","method":"POST","service":"chat-support-backend","timestamp":"2025-08-29 00:10:33","url":"/api/chat/send-message/:sessionId","userAgent":"PostmanRuntime/7.44.1"}
{"level":"info","message":"JWT authentication successful","method":"POST","service":"chat-support-backend","timestamp":"2025-08-29 00:10:33","url":"/send-message/:sessionId","userId":"user123"}
{"error":"Session not found","level":"error","message":"Error adding message","senderId":"user123","service":"chat-support-backend","sessionId":":sessionId","timestamp":"2025-08-29 00:10:33"}
{"duration":"29ms","level":"info","message":"Request completed","method":"POST","service":"chat-support-backend","statusCode":404,"timestamp":"2025-08-29 00:10:33","url":"/send-message/:sessionId"}
{"ip":"::1","level":"info","message":"Incoming request","method":"POST","service":"chat-support-backend","timestamp":"2025-08-29 00:10:52","url":"/api/chat/send-message/0d262b80-6872-4972-908d-af7ac76a2cba","userAgent":"PostmanRuntime/7.44.1"}
{"level":"info","message":"JWT authentication successful","method":"POST","service":"chat-support-backend","timestamp":"2025-08-29 00:10:52","url":"/send-message/0d262b80-6872-4972-908d-af7ac76a2cba","userId":"user123"}
{"level":"info","message":"Message added to session","messageId":"42afed6e-64a8-4fcf-9a6e-9b3285f993bb","senderType":"user","service":"chat-support-backend","sessionId":"0d262b80-6872-4972-908d-af7ac76a2cba","timestamp":"2025-08-29 00:10:52"}
{"level":"info","message":"Message sent via HTTP API","messageId":"42afed6e-64a8-4fcf-9a6e-9b3285f993bb","messageLength":32,"senderId":"user123","senderType":"user","service":"chat-support-backend","sessionId":"0d262b80-6872-4972-908d-af7ac76a2cba","timestamp":"2025-08-29 00:10:52"}
{"duration":"64ms","level":"info","message":"Request completed","method":"POST","service":"chat-support-backend","statusCode":201,"timestamp":"2025-08-29 00:10:52","url":"/send-message/0d262b80-6872-4972-908d-af7ac76a2cba"}
{"ip":"::1","level":"info","message":"Incoming request","method":"GET","service":"chat-support-backend","timestamp":"2025-08-29 00:12:18","url":"/api/chat/end-session/:sessionId","userAgent":"Mozilla/5.0 (Windows NT 10.0; Win64; x64) AppleWebKit/537.36 (KHTML, like Gecko) Chrome/134.0.0.0 Safari/537.36"}
{"level":"warn","message":"No authentication provided","method":"GET","service":"chat-support-backend","timestamp":"2025-08-29 00:12:18","url":"/end-session/:sessionId"}
{"duration":"38ms","level":"info","message":"Request completed","method":"GET","service":"chat-support-backend","statusCode":401,"timestamp":"2025-08-29 00:12:19","url":"/end-session/:sessionId"}
{"ip":"::1","level":"info","message":"Incoming request","method":"GET","service":"chat-support-backend","timestamp":"2025-08-29 00:12:19","url":"/favicon.ico","userAgent":"Mozilla/5.0 (Windows NT 10.0; Win64; x64) AppleWebKit/537.36 (KHTML, like Gecko) Chrome/134.0.0.0 Safari/537.36"}
{"duration":"2ms","level":"info","message":"Request completed","method":"GET","service":"chat-support-backend","statusCode":404,"timestamp":"2025-08-29 00:12:19","url":"/"}
{"ip":"::1","level":"info","message":"Incoming request","method":"POST","service":"chat-support-backend","timestamp":"2025-08-29 00:13:11","url":"/api/chat/end-session/0d262b80-6872-4972-908d-af7ac76a2cba","userAgent":"PostmanRuntime/7.44.1"}
{"level":"info","message":"JWT authentication successful","method":"POST","service":"chat-support-backend","timestamp":"2025-08-29 00:13:11","url":"/end-session/0d262b80-6872-4972-908d-af7ac76a2cba","userId":"user123"}
{"duration":40012207,"level":"info","message":"Session ended","service":"chat-support-backend","sessionId":"0d262b80-6872-4972-908d-af7ac76a2cba","timestamp":"2025-08-29 00:13:11"}
{"agentId":"agent_001","duration":40012218,"level":"info","message":"Chat session ended via API","messageCount":1,"reason":"User ended session","service":"chat-support-backend","sessionId":"0d262b80-6872-4972-908d-af7ac76a2cba","timestamp":"2025-08-29 00:13:11"}
{"duration":"28ms","level":"info","message":"Request completed","method":"POST","service":"chat-support-backend","statusCode":200,"timestamp":"2025-08-29 00:13:11","url":"/end-session/0d262b80-6872-4972-908d-af7ac76a2cba"}
{"ip":"::1","level":"info","message":"Incoming request","method":"GET","service":"chat-support-backend","timestamp":"2025-08-29 00:14:32","url":"/api/chat/stats","userAgent":"PostmanRuntime/7.44.1"}
{"level":"info","message":"JWT authentication successful","method":"GET","service":"chat-support-backend","timestamp":"2025-08-29 00:14:32","url":"/stats","userId":"user123"}
{"activeSessions":0,"level":"info","message":"System stats requested","requestedBy":"user123","service":"chat-support-backend","timestamp":"2025-08-29 00:14:32","totalAgents":3}
{"duration":"7ms","level":"info","message":"Request completed","method":"GET","service":"chat-support-backend","statusCode":200,"timestamp":"2025-08-29 00:14:32","url":"/stats"}
{"environment":"development","frontendUrl":"http://localhost:3000","level":"info","message":"Chat Support Server Started","port":"5000","service":"chat-support-backend","timestamp":"2025-08-29 21:13:46"}
{"environment":"development","frontendUrl":"http://localhost:3000","level":"info","message":"Chat Support Server Started","port":"5000","service":"chat-support-backend","timestamp":"2025-08-29 21:13:54"}
{"environment":"development","frontendUrl":"http://localhost:5173","level":"info","message":"Chat Support Server Started","port":"5000","service":"chat-support-backend","timestamp":"2025-08-29 21:14:41"}
{"ip":"::1","level":"info","message":"Incoming request","method":"POST","service":"chat-support-backend","timestamp":"2025-08-29 21:14:51","url":"/api/chat/start-session","userAgent":"Mozilla/5.0 (Windows NT 10.0; Win64; x64) AppleWebKit/537.36 (KHTML, like Gecko) Chrome/134.0.0.0 Safari/537.36"}
{"level":"info","message":"API key authentication successful","method":"POST","service":"chat-support-backend","timestamp":"2025-08-29 21:14:51","url":"/start-session"}
{"level":"info","message":"Session created","service":"chat-support-backend","sessionId":"41325871-9178-4bbd-996d-7a1561c4ddec","timestamp":"2025-08-29 21:14:51","userId":"user123","userType":"user"}
{"agentId":"agent_001","agentName":"Alice Support","currentLoad":0,"level":"info","message":"Agent assigned","service":"chat-support-backend","sessionId":"41325871-9178-4bbd-996d-7a1561c4ddec","timestamp":"2025-08-29 21:14:51"}
{"agentId":"agent_001","level":"info","message":"Agent assigned to session","service":"chat-support-backend","sessionId":"41325871-9178-4bbd-996d-7a1561c4ddec","timestamp":"2025-08-29 21:14:51"}
{"agentId":"agent_001","level":"info","message":"Chat session started via API","service":"chat-support-backend","sessionId":"41325871-9178-4bbd-996d-7a1561c4ddec","status":"active","timestamp":"2025-08-29 21:14:51","userId":"user123","userType":"user"}
{"duration":"21ms","level":"info","message":"Request completed","method":"POST","service":"chat-support-backend","statusCode":201,"timestamp":"2025-08-29 21:14:51","url":"/start-session"}
{"ip":"::1","level":"info","message":"Incoming request","method":"GET","service":"chat-support-backend","timestamp":"2025-08-29 21:14:51","url":"/api/chat/session/41325871-9178-4bbd-996d-7a1561c4ddec","userAgent":"Mozilla/5.0 (Windows NT 10.0; Win64; x64) AppleWebKit/537.36 (KHTML, like Gecko) Chrome/134.0.0.0 Safari/537.36"}
{"level":"info","message":"API key authentication successful","method":"GET","service":"chat-support-backend","timestamp":"2025-08-29 21:14:51","url":"/session/41325871-9178-4bbd-996d-7a1561c4ddec"}
{"duration":"6ms","level":"info","message":"Request completed","method":"GET","service":"chat-support-backend","statusCode":200,"timestamp":"2025-08-29 21:14:51","url":"/session/41325871-9178-4bbd-996d-7a1561c4ddec"}
{"ip":"::1","level":"info","message":"Incoming request","method":"GET","service":"chat-support-backend","timestamp":"2025-08-29 21:14:51","url":"/api/chat/session/41325871-9178-4bbd-996d-7a1561c4ddec","userAgent":"Mozilla/5.0 (Windows NT 10.0; Win64; x64) AppleWebKit/537.36 (KHTML, like Gecko) Chrome/134.0.0.0 Safari/537.36"}
{"level":"info","message":"API key authentication successful","method":"GET","service":"chat-support-backend","timestamp":"2025-08-29 21:14:51","url":"/session/41325871-9178-4bbd-996d-7a1561c4ddec"}
{"duration":"43ms","level":"info","message":"Request completed","method":"GET","service":"chat-support-backend","statusCode":200,"timestamp":"2025-08-29 21:14:51","url":"/session/41325871-9178-4bbd-996d-7a1561c4ddec"}
{"ip":"::1","level":"info","message":"Incoming request","method":"GET","service":"chat-support-backend","timestamp":"2025-08-29 21:14:51","url":"/api/chat/messages/41325871-9178-4bbd-996d-7a1561c4ddec?limit=50&offset=0","userAgent":"Mozilla/5.0 (Windows NT 10.0; Win64; x64) AppleWebKit/537.36 (KHTML, like Gecko) Chrome/134.0.0.0 Safari/537.36"}
{"level":"info","message":"API key authentication successful","method":"GET","service":"chat-support-backend","timestamp":"2025-08-29 21:14:51","url":"/messages/41325871-9178-4bbd-996d-7a1561c4ddec?limit=50&offset=0"}
{"level":"info","limit":50,"message":"Messages retrieved via API","offset":0,"returnedMessages":0,"service":"chat-support-backend","sessionId":"41325871-9178-4bbd-996d-7a1561c4ddec","timestamp":"2025-08-29 21:14:51","totalMessages":0}
{"duration":"17ms","level":"info","message":"Request completed","method":"GET","service":"chat-support-backend","statusCode":200,"timestamp":"2025-08-29 21:14:51","url":"/messages/41325871-9178-4bbd-996d-7a1561c4ddec?limit=50&offset=0"}
{"ip":"::1","level":"info","message":"Incoming request","method":"GET","service":"chat-support-backend","timestamp":"2025-08-29 21:14:51","url":"/api/chat/stats","userAgent":"Mozilla/5.0 (Windows NT 10.0; Win64; x64) AppleWebKit/537.36 (KHTML, like Gecko) Chrome/134.0.0.0 Safari/537.36"}
{"level":"info","message":"API key authentication successful","method":"GET","service":"chat-support-backend","timestamp":"2025-08-29 21:14:51","url":"/stats"}
{"activeSessions":1,"level":"info","message":"System stats requested","requestedBy":"anonymous","service":"chat-support-backend","timestamp":"2025-08-29 21:14:51","totalAgents":3}
{"duration":"47ms","level":"info","message":"Request completed","method":"GET","service":"chat-support-backend","statusCode":200,"timestamp":"2025-08-29 21:14:51","url":"/stats"}
{"level":"info","message":"Socket authenticated","service":"chat-support-backend","socketId":"EBMJNTp-I4FrL7XWAAAC","timestamp":"2025-08-29 21:14:52"}
{"level":"info","message":"User connected","service":"chat-support-backend","socketId":"EBMJNTp-I4FrL7XWAAAC","timestamp":"2025-08-29 21:14:52"}
{"level":"info","message":"User disconnected","reason":"transport error","service":"chat-support-backend","socketId":"EBMJNTp-I4FrL7XWAAAC","timestamp":"2025-08-29 21:14:52"}
{"ip":"::1","level":"info","message":"Incoming request","method":"GET","service":"chat-support-backend","timestamp":"2025-08-29 21:14:52","url":"/api/chat/messages/41325871-9178-4bbd-996d-7a1561c4ddec?limit=50&offset=0","userAgent":"Mozilla/5.0 (Windows NT 10.0; Win64; x64) AppleWebKit/537.36 (KHTML, like Gecko) Chrome/134.0.0.0 Safari/537.36"}
{"level":"info","message":"API key authentication successful","method":"GET","service":"chat-support-backend","timestamp":"2025-08-29 21:14:52","url":"/messages/41325871-9178-4bbd-996d-7a1561c4ddec?limit=50&offset=0"}
{"level":"info","limit":50,"message":"Messages retrieved via API","offset":0,"returnedMessages":0,"service":"chat-support-backend","sessionId":"41325871-9178-4bbd-996d-7a1561c4ddec","timestamp":"2025-08-29 21:14:52","totalMessages":0}
{"duration":"13ms","level":"info","message":"Request completed","method":"GET","service":"chat-support-backend","statusCode":304,"timestamp":"2025-08-29 21:14:52","url":"/messages/41325871-9178-4bbd-996d-7a1561c4ddec?limit=50&offset=0"}
{"ip":"::1","level":"info","message":"Incoming request","method":"GET","service":"chat-support-backend","timestamp":"2025-08-29 21:14:52","url":"/api/chat/stats","userAgent":"Mozilla/5.0 (Windows NT 10.0; Win64; x64) AppleWebKit/537.36 (KHTML, like Gecko) Chrome/134.0.0.0 Safari/537.36"}
{"level":"info","message":"API key authentication successful","method":"GET","service":"chat-support-backend","timestamp":"2025-08-29 21:14:52","url":"/stats"}
{"activeSessions":1,"level":"info","message":"System stats requested","requestedBy":"anonymous","service":"chat-support-backend","timestamp":"2025-08-29 21:14:52","totalAgents":3}
{"duration":"32ms","level":"info","message":"Request completed","method":"GET","service":"chat-support-backend","statusCode":200,"timestamp":"2025-08-29 21:14:52","url":"/stats"}
{"ip":"::1","level":"info","message":"Incoming request","method":"GET","service":"chat-support-backend","timestamp":"2025-08-29 21:15:37","url":"/api/chat/session/41325871-9178-4bbd-996d-7a1561c4ddec","userAgent":"Mozilla/5.0 (Windows NT 10.0; Win64; x64) AppleWebKit/537.36 (KHTML, like Gecko) Chrome/134.0.0.0 Safari/537.36"}
{"level":"info","message":"API key authentication successful","method":"GET","service":"chat-support-backend","timestamp":"2025-08-29 21:15:37","url":"/session/41325871-9178-4bbd-996d-7a1561c4ddec"}
{"duration":"14ms","level":"info","message":"Request completed","method":"GET","service":"chat-support-backend","statusCode":200,"timestamp":"2025-08-29 21:15:37","url":"/session/41325871-9178-4bbd-996d-7a1561c4ddec"}
{"ip":"::1","level":"info","message":"Incoming request","method":"GET","service":"chat-support-backend","timestamp":"2025-08-29 21:15:37","url":"/api/chat/messages/41325871-9178-4bbd-996d-7a1561c4ddec?limit=50&offset=0","userAgent":"Mozilla/5.0 (Windows NT 10.0; Win64; x64) AppleWebKit/537.36 (KHTML, like Gecko) Chrome/134.0.0.0 Safari/537.36"}
{"level":"info","message":"API key authentication successful","method":"GET","service":"chat-support-backend","timestamp":"2025-08-29 21:15:37","url":"/messages/41325871-9178-4bbd-996d-7a1561c4ddec?limit=50&offset=0"}
{"level":"info","limit":50,"message":"Messages retrieved via API","offset":0,"returnedMessages":0,"service":"chat-support-backend","sessionId":"41325871-9178-4bbd-996d-7a1561c4ddec","timestamp":"2025-08-29 21:15:37","totalMessages":0}
{"duration":"34ms","level":"info","message":"Request completed","method":"GET","service":"chat-support-backend","statusCode":304,"timestamp":"2025-08-29 21:15:37","url":"/messages/41325871-9178-4bbd-996d-7a1561c4ddec?limit=50&offset=0"}
{"ip":"::1","level":"info","message":"Incoming request","method":"GET","service":"chat-support-backend","timestamp":"2025-08-29 21:15:37","url":"/api/chat/stats","userAgent":"Mozilla/5.0 (Windows NT 10.0; Win64; x64) AppleWebKit/537.36 (KHTML, like Gecko) Chrome/134.0.0.0 Safari/537.36"}
{"level":"info","message":"API key authentication successful","method":"GET","service":"chat-support-backend","timestamp":"2025-08-29 21:15:37","url":"/stats"}
{"activeSessions":1,"level":"info","message":"System stats requested","requestedBy":"anonymous","service":"chat-support-backend","timestamp":"2025-08-29 21:15:37","totalAgents":3}
{"duration":"115ms","level":"info","message":"Request completed","method":"GET","service":"chat-support-backend","statusCode":200,"timestamp":"2025-08-29 21:15:37","url":"/stats"}
{"ip":"::1","level":"info","message":"Incoming request","method":"GET","service":"chat-support-backend","timestamp":"2025-08-29 21:15:38","url":"/api/chat/session/41325871-9178-4bbd-996d-7a1561c4ddec","userAgent":"Mozilla/5.0 (Windows NT 10.0; Win64; x64) AppleWebKit/537.36 (KHTML, like Gecko) Chrome/134.0.0.0 Safari/537.36"}
{"level":"info","message":"API key authentication successful","method":"GET","service":"chat-support-backend","timestamp":"2025-08-29 21:15:38","url":"/session/41325871-9178-4bbd-996d-7a1561c4ddec"}
{"duration":"2ms","level":"info","message":"Request completed","method":"GET","service":"chat-support-backend","statusCode":200,"timestamp":"2025-08-29 21:15:38","url":"/session/41325871-9178-4bbd-996d-7a1561c4ddec"}
{"ip":"::1","level":"info","message":"Incoming request","method":"GET","service":"chat-support-backend","timestamp":"2025-08-29 21:15:38","url":"/api/chat/messages/41325871-9178-4bbd-996d-7a1561c4ddec?limit=50&offset=0","userAgent":"Mozilla/5.0 (Windows NT 10.0; Win64; x64) AppleWebKit/537.36 (KHTML, like Gecko) Chrome/134.0.0.0 Safari/537.36"}
{"level":"info","message":"API key authentication successful","method":"GET","service":"chat-support-backend","timestamp":"2025-08-29 21:15:38","url":"/messages/41325871-9178-4bbd-996d-7a1561c4ddec?limit=50&offset=0"}
{"level":"info","limit":50,"message":"Messages retrieved via API","offset":0,"returnedMessages":0,"service":"chat-support-backend","sessionId":"41325871-9178-4bbd-996d-7a1561c4ddec","timestamp":"2025-08-29 21:15:38","totalMessages":0}
{"duration":"6ms","level":"info","message":"Request completed","method":"GET","service":"chat-support-backend","statusCode":304,"timestamp":"2025-08-29 21:15:38","url":"/messages/41325871-9178-4bbd-996d-7a1561c4ddec?limit=50&offset=0"}
{"ip":"::1","level":"info","message":"Incoming request","method":"GET","service":"chat-support-backend","timestamp":"2025-08-29 21:15:38","url":"/api/chat/stats","userAgent":"Mozilla/5.0 (Windows NT 10.0; Win64; x64) AppleWebKit/537.36 (KHTML, like Gecko) Chrome/134.0.0.0 Safari/537.36"}
{"level":"info","message":"API key authentication successful","method":"GET","service":"chat-support-backend","timestamp":"2025-08-29 21:15:38","url":"/stats"}
{"activeSessions":1,"level":"info","message":"System stats requested","requestedBy":"anonymous","service":"chat-support-backend","timestamp":"2025-08-29 21:15:38","totalAgents":3}
{"duration":"12ms","level":"info","message":"Request completed","method":"GET","service":"chat-support-backend","statusCode":200,"timestamp":"2025-08-29 21:15:38","url":"/stats"}
{"ip":"::1","level":"info","message":"Incoming request","method":"GET","service":"chat-support-backend","timestamp":"2025-08-29 21:15:47","url":"/api/chat/session/41325871-9178-4bbd-996d-7a1561c4ddec","userAgent":"Mozilla/5.0 (Windows NT 10.0; Win64; x64) AppleWebKit/537.36 (KHTML, like Gecko) Chrome/134.0.0.0 Safari/537.36"}
{"level":"info","message":"API key authentication successful","method":"GET","service":"chat-support-backend","timestamp":"2025-08-29 21:15:47","url":"/session/41325871-9178-4bbd-996d-7a1561c4ddec"}
{"duration":"3ms","level":"info","message":"Request completed","method":"GET","service":"chat-support-backend","statusCode":200,"timestamp":"2025-08-29 21:15:47","url":"/session/41325871-9178-4bbd-996d-7a1561c4ddec"}
{"level":"info","message":"Socket authenticated","service":"chat-support-backend","socketId":"afotJfqF6ezLUaUOAAAH","timestamp":"2025-08-29 21:15:47"}
{"level":"info","message":"User connected","service":"chat-support-backend","socketId":"afotJfqF6ezLUaUOAAAH","timestamp":"2025-08-29 21:15:47"}
{"ip":"::1","level":"info","message":"Incoming request","method":"GET","service":"chat-support-backend","timestamp":"2025-08-29 21:15:47","url":"/api/chat/messages/41325871-9178-4bbd-996d-7a1561c4ddec?limit=50&offset=0","userAgent":"Mozilla/5.0 (Windows NT 10.0; Win64; x64) AppleWebKit/537.36 (KHTML, like Gecko) Chrome/134.0.0.0 Safari/537.36"}
{"level":"info","message":"API key authentication successful","method":"GET","service":"chat-support-backend","timestamp":"2025-08-29 21:15:47","url":"/messages/41325871-9178-4bbd-996d-7a1561c4ddec?limit=50&offset=0"}
{"level":"info","limit":50,"message":"Messages retrieved via API","offset":0,"returnedMessages":0,"service":"chat-support-backend","sessionId":"41325871-9178-4bbd-996d-7a1561c4ddec","timestamp":"2025-08-29 21:15:47","totalMessages":0}
{"duration":"3ms","level":"info","message":"Request completed","method":"GET","service":"chat-support-backend","statusCode":304,"timestamp":"2025-08-29 21:15:47","url":"/messages/41325871-9178-4bbd-996d-7a1561c4ddec?limit=50&offset=0"}
{"ip":"::1","level":"info","message":"Incoming request","method":"GET","service":"chat-support-backend","timestamp":"2025-08-29 21:15:47","url":"/api/chat/session/41325871-9178-4bbd-996d-7a1561c4ddec","userAgent":"Mozilla/5.0 (Windows NT 10.0; Win64; x64) AppleWebKit/537.36 (KHTML, like Gecko) Chrome/134.0.0.0 Safari/537.36"}
{"level":"info","message":"API key authentication successful","method":"GET","service":"chat-support-backend","timestamp":"2025-08-29 21:15:47","url":"/session/41325871-9178-4bbd-996d-7a1561c4ddec"}
{"duration":"3ms","level":"info","message":"Request completed","method":"GET","service":"chat-support-backend","statusCode":200,"timestamp":"2025-08-29 21:15:47","url":"/session/41325871-9178-4bbd-996d-7a1561c4ddec"}
{"ip":"::1","level":"info","message":"Incoming request","method":"GET","service":"chat-support-backend","timestamp":"2025-08-29 21:15:47","url":"/api/chat/stats","userAgent":"Mozilla/5.0 (Windows NT 10.0; Win64; x64) AppleWebKit/537.36 (KHTML, like Gecko) Chrome/134.0.0.0 Safari/537.36"}
{"level":"info","message":"API key authentication successful","method":"GET","service":"chat-support-backend","timestamp":"2025-08-29 21:15:47","url":"/stats"}
{"activeSessions":1,"level":"info","message":"System stats requested","requestedBy":"anonymous","service":"chat-support-backend","timestamp":"2025-08-29 21:15:47","totalAgents":3}
{"duration":"14ms","level":"info","message":"Request completed","method":"GET","service":"chat-support-backend","statusCode":200,"timestamp":"2025-08-29 21:15:47","url":"/stats"}
{"ip":"::1","level":"info","message":"Incoming request","method":"GET","service":"chat-support-backend","timestamp":"2025-08-29 21:15:47","url":"/api/chat/messages/41325871-9178-4bbd-996d-7a1561c4ddec?limit=50&offset=0","userAgent":"Mozilla/5.0 (Windows NT 10.0; Win64; x64) AppleWebKit/537.36 (KHTML, like Gecko) Chrome/134.0.0.0 Safari/537.36"}
{"level":"info","message":"API key authentication successful","method":"GET","service":"chat-support-backend","timestamp":"2025-08-29 21:15:47","url":"/messages/41325871-9178-4bbd-996d-7a1561c4ddec?limit=50&offset=0"}
{"level":"info","limit":50,"message":"Messages retrieved via API","offset":0,"returnedMessages":0,"service":"chat-support-backend","sessionId":"41325871-9178-4bbd-996d-7a1561c4ddec","timestamp":"2025-08-29 21:15:47","totalMessages":0}
{"duration":"16ms","level":"info","message":"Request completed","method":"GET","service":"chat-support-backend","statusCode":304,"timestamp":"2025-08-29 21:15:47","url":"/messages/41325871-9178-4bbd-996d-7a1561c4ddec?limit=50&offset=0"}
{"ip":"::1","level":"info","message":"Incoming request","method":"GET","service":"chat-support-backend","timestamp":"2025-08-29 21:15:47","url":"/api/chat/stats","userAgent":"Mozilla/5.0 (Windows NT 10.0; Win64; x64) AppleWebKit/537.36 (KHTML, like Gecko) Chrome/134.0.0.0 Safari/537.36"}
{"level":"info","message":"API key authentication successful","method":"GET","service":"chat-support-backend","timestamp":"2025-08-29 21:15:47","url":"/stats"}
{"activeSessions":1,"level":"info","message":"System stats requested","requestedBy":"anonymous","service":"chat-support-backend","timestamp":"2025-08-29 21:15:47","totalAgents":3}
{"duration":"12ms","level":"info","message":"Request completed","method":"GET","service":"chat-support-backend","statusCode":200,"timestamp":"2025-08-29 21:15:47","url":"/stats"}
{"level":"info","message":"User disconnected","reason":"transport close","service":"chat-support-backend","socketId":"afotJfqF6ezLUaUOAAAH","timestamp":"2025-08-29 21:16:19"}
{"level":"info","message":"Socket authenticated","service":"chat-support-backend","socketId":"csLF-gn8n4XxQnCAAAAK","timestamp":"2025-08-29 21:16:20"}
{"level":"info","message":"User connected","service":"chat-support-backend","socketId":"csLF-gn8n4XxQnCAAAAK","timestamp":"2025-08-29 21:16:20"}
{"ip":"::1","level":"info","message":"Incoming request","method":"GET","service":"chat-support-backend","timestamp":"2025-08-29 21:16:20","url":"/api/chat/session/41325871-9178-4bbd-996d-7a1561c4ddec","userAgent":"Mozilla/5.0 (Windows NT 10.0; Win64; x64) AppleWebKit/537.36 (KHTML, like Gecko) Chrome/134.0.0.0 Safari/537.36"}
{"level":"info","message":"API key authentication successful","method":"GET","service":"chat-support-backend","timestamp":"2025-08-29 21:16:20","url":"/session/41325871-9178-4bbd-996d-7a1561c4ddec"}
{"duration":"27ms","level":"info","message":"Request completed","method":"GET","service":"chat-support-backend","statusCode":200,"timestamp":"2025-08-29 21:16:20","url":"/session/41325871-9178-4bbd-996d-7a1561c4ddec"}
{"ip":"::1","level":"info","message":"Incoming request","method":"GET","service":"chat-support-backend","timestamp":"2025-08-29 21:16:20","url":"/api/chat/messages/41325871-9178-4bbd-996d-7a1561c4ddec?limit=50&offset=0","userAgent":"Mozilla/5.0 (Windows NT 10.0; Win64; x64) AppleWebKit/537.36 (KHTML, like Gecko) Chrome/134.0.0.0 Safari/537.36"}
{"level":"info","message":"API key authentication successful","method":"GET","service":"chat-support-backend","timestamp":"2025-08-29 21:16:20","url":"/messages/41325871-9178-4bbd-996d-7a1561c4ddec?limit=50&offset=0"}
{"level":"info","limit":50,"message":"Messages retrieved via API","offset":0,"returnedMessages":0,"service":"chat-support-backend","sessionId":"41325871-9178-4bbd-996d-7a1561c4ddec","timestamp":"2025-08-29 21:16:20","totalMessages":0}
{"duration":"42ms","level":"info","message":"Request completed","method":"GET","service":"chat-support-backend","statusCode":304,"timestamp":"2025-08-29 21:16:20","url":"/messages/41325871-9178-4bbd-996d-7a1561c4ddec?limit=50&offset=0"}
{"ip":"::1","level":"info","message":"Incoming request","method":"GET","service":"chat-support-backend","timestamp":"2025-08-29 21:16:20","url":"/api/chat/stats","userAgent":"Mozilla/5.0 (Windows NT 10.0; Win64; x64) AppleWebKit/537.36 (KHTML, like Gecko) Chrome/134.0.0.0 Safari/537.36"}
{"level":"info","message":"API key authentication successful","method":"GET","service":"chat-support-backend","timestamp":"2025-08-29 21:16:20","url":"/stats"}
{"activeSessions":1,"level":"info","message":"System stats requested","requestedBy":"anonymous","service":"chat-support-backend","timestamp":"2025-08-29 21:16:20","totalAgents":3}
{"duration":"24ms","level":"info","message":"Request completed","method":"GET","service":"chat-support-backend","statusCode":200,"timestamp":"2025-08-29 21:16:20","url":"/stats"}
{"ip":"::1","level":"info","message":"Incoming request","method":"GET","service":"chat-support-backend","timestamp":"2025-08-29 21:16:20","url":"/api/chat/session/41325871-9178-4bbd-996d-7a1561c4ddec","userAgent":"Mozilla/5.0 (Windows NT 10.0; Win64; x64) AppleWebKit/537.36 (KHTML, like Gecko) Chrome/134.0.0.0 Safari/537.36"}
{"level":"info","message":"API key authentication successful","method":"GET","service":"chat-support-backend","timestamp":"2025-08-29 21:16:20","url":"/session/41325871-9178-4bbd-996d-7a1561c4ddec"}
{"duration":"34ms","level":"info","message":"Request completed","method":"GET","service":"chat-support-backend","statusCode":200,"timestamp":"2025-08-29 21:16:20","url":"/session/41325871-9178-4bbd-996d-7a1561c4ddec"}
{"ip":"::1","level":"info","message":"Incoming request","method":"GET","service":"chat-support-backend","timestamp":"2025-08-29 21:16:20","url":"/api/chat/messages/41325871-9178-4bbd-996d-7a1561c4ddec?limit=50&offset=0","userAgent":"Mozilla/5.0 (Windows NT 10.0; Win64; x64) AppleWebKit/537.36 (KHTML, like Gecko) Chrome/134.0.0.0 Safari/537.36"}
{"level":"info","message":"API key authentication successful","method":"GET","service":"chat-support-backend","timestamp":"2025-08-29 21:16:20","url":"/messages/41325871-9178-4bbd-996d-7a1561c4ddec?limit=50&offset=0"}
{"level":"info","limit":50,"message":"Messages retrieved via API","offset":0,"returnedMessages":0,"service":"chat-support-backend","sessionId":"41325871-9178-4bbd-996d-7a1561c4ddec","timestamp":"2025-08-29 21:16:20","totalMessages":0}
{"duration":"21ms","level":"info","message":"Request completed","method":"GET","service":"chat-support-backend","statusCode":304,"timestamp":"2025-08-29 21:16:20","url":"/messages/41325871-9178-4bbd-996d-7a1561c4ddec?limit=50&offset=0"}
{"ip":"::1","level":"info","message":"Incoming request","method":"GET","service":"chat-support-backend","timestamp":"2025-08-29 21:16:20","url":"/api/chat/stats","userAgent":"Mozilla/5.0 (Windows NT 10.0; Win64; x64) AppleWebKit/537.36 (KHTML, like Gecko) Chrome/134.0.0.0 Safari/537.36"}
{"level":"info","message":"API key authentication successful","method":"GET","service":"chat-support-backend","timestamp":"2025-08-29 21:16:20","url":"/stats"}
{"activeSessions":1,"level":"info","message":"System stats requested","requestedBy":"anonymous","service":"chat-support-backend","timestamp":"2025-08-29 21:16:20","totalAgents":3}
{"duration":"34ms","level":"info","message":"Request completed","method":"GET","service":"chat-support-backend","statusCode":200,"timestamp":"2025-08-29 21:16:20","url":"/stats"}
{"ip":"::1","level":"info","message":"Incoming request","method":"POST","service":"chat-support-backend","timestamp":"2025-08-29 21:16:49","url":"/api/chat/end-session/41325871-9178-4bbd-996d-7a1561c4ddec","userAgent":"Mozilla/5.0 (Windows NT 10.0; Win64; x64) AppleWebKit/537.36 (KHTML, like Gecko) Chrome/134.0.0.0 Safari/537.36"}
{"level":"info","message":"API key authentication successful","method":"POST","service":"chat-support-backend","timestamp":"2025-08-29 21:16:49","url":"/end-session/41325871-9178-4bbd-996d-7a1561c4ddec"}
{"duration":117603,"level":"info","message":"Session ended","service":"chat-support-backend","sessionId":"41325871-9178-4bbd-996d-7a1561c4ddec","timestamp":"2025-08-29 21:16:49"}
{"agentId":"agent_001","duration":117612,"level":"info","message":"Chat session ended via API","messageCount":0,"reason":"User ended session","service":"chat-support-backend","sessionId":"41325871-9178-4bbd-996d-7a1561c4ddec","timestamp":"2025-08-29 21:16:49"}
{"duration":"42ms","level":"info","message":"Request completed","method":"POST","service":"chat-support-backend","statusCode":200,"timestamp":"2025-08-29 21:16:49","url":"/end-session/41325871-9178-4bbd-996d-7a1561c4ddec"}
{"level":"info","message":"User disconnected","reason":"client namespace disconnect","service":"chat-support-backend","socketId":"csLF-gn8n4XxQnCAAAAK","timestamp":"2025-08-29 21:16:49"}
{"ip":"::1","level":"info","message":"Incoming request","method":"GET","service":"chat-support-backend","timestamp":"2025-08-29 21:16:49","url":"/api/health","userAgent":"Mozilla/5.0 (Windows NT 10.0; Win64; x64) AppleWebKit/537.36 (KHTML, like Gecko) Chrome/134.0.0.0 Safari/537.36"}
{"level":"info","message":"Health check performed","service":"chat-support-backend","status":"healthy","timestamp":"2025-08-29 21:16:49","uptime":128.0004492}
{"duration":"32ms","level":"info","message":"Request completed","method":"GET","service":"chat-support-backend","statusCode":200,"timestamp":"2025-08-29 21:16:49","url":"/health"}
{"ip":"::1","level":"info","message":"Incoming request","method":"GET","service":"chat-support-backend","timestamp":"2025-08-29 21:16:49","url":"/api/health","userAgent":"Mozilla/5.0 (Windows NT 10.0; Win64; x64) AppleWebKit/537.36 (KHTML, like Gecko) Chrome/134.0.0.0 Safari/537.36"}
{"level":"info","message":"Health check performed","service":"chat-support-backend","status":"healthy","timestamp":"2025-08-29 21:16:49","uptime":128.1380534}
{"duration":"36ms","level":"info","message":"Request completed","method":"GET","service":"chat-support-backend","statusCode":200,"timestamp":"2025-08-29 21:16:49","url":"/health"}
{"environment":"development","frontendUrl":"http://localhost:5173","level":"info","message":"Chat Support Server Started","port":"5000","service":"chat-support-backend","timestamp":"2025-08-29 21:36:54"}
{"environment":"development","frontendUrl":"http://localhost:5173","level":"info","message":"Chat Support Server Started","port":"5000","service":"chat-support-backend","timestamp":"2025-08-29 21:37:27"}
{"environment":"development","frontendUrl":"http://localhost:5173","level":"info","message":"Chat Support Server Started","port":"5000","service":"chat-support-backend","timestamp":"2025-08-29 21:38:46"}
{"environment":"development","frontendUrl":"http://localhost:5173","level":"info","message":"Chat Support Server Started","port":"5000","service":"chat-support-backend","timestamp":"2025-08-29 21:39:18"}
{"environment":"development","frontendUrl":"http://localhost:5173","level":"info","message":"Chat Support Server Started","port":"5000","service":"chat-support-backend","timestamp":"2025-08-29 21:39:36"}
{"environment":"development","frontendUrl":"http://localhost:5173","level":"info","message":"Chat Support Server Started","port":"5000","service":"chat-support-backend","timestamp":"2025-08-29 21:40:37"}
{"environment":"development","frontendUrl":"http://localhost:5173","level":"info","message":"Chat Support Server Started","port":"5000","service":"chat-support-backend","timestamp":"2025-08-29 21:40:54"}
{"environment":"development","frontendUrl":"http://localhost:5173","level":"info","message":"Chat Support Server Started","port":"5000","service":"chat-support-backend","timestamp":"2025-08-29 21:41:18"}
{"error":"connect ECONNREFUSED ::1:27017, connect ECONNREFUSED 127.0.0.1:27017","level":"error","message":"Failed to connect to MongoDB","service":"chat-support-backend","stack":"MongooseServerSelectionError: connect ECONNREFUSED ::1:27017, connect ECONNREFUSED 127.0.0.1:27017\n    at _handleConnectionErrors (D:\\chat-support-backend\\node_modules\\mongoose\\lib\\connection.js:816:11)\n    at NativeConnection.openUri (D:\\chat-support-backend\\node_modules\\mongoose\\lib\\connection.js:791:11)\n    at async connectDatabase (D:\\chat-support-backend\\src\\config\\database.js:13:5)\n    at async startServer (D:\\chat-support-backend\\server.js:132:5)","timestamp":"2025-08-29 21:42:42"}
{"error":"connect ECONNREFUSED ::1:27017, connect ECONNREFUSED 127.0.0.1:27017","level":"error","message":"Failed to connect to MongoDB","service":"chat-support-backend","stack":"MongooseServerSelectionError: connect ECONNREFUSED ::1:27017, connect ECONNREFUSED 127.0.0.1:27017\n    at _handleConnectionErrors (D:\\chat-support-backend\\node_modules\\mongoose\\lib\\connection.js:816:11)\n    at NativeConnection.openUri (D:\\chat-support-backend\\node_modules\\mongoose\\lib\\connection.js:791:11)\n    at async connectDatabase (D:\\chat-support-backend\\src\\config\\database.js:13:5)\n    at async startServer (D:\\chat-support-backend\\server.js:132:5)","timestamp":"2025-08-29 21:43:34"}
{"error":"connect ECONNREFUSED ::1:27017, connect ECONNREFUSED 127.0.0.1:27017","level":"error","message":"Failed to connect to MongoDB","service":"chat-support-backend","stack":"MongooseServerSelectionError: connect ECONNREFUSED ::1:27017, connect ECONNREFUSED 127.0.0.1:27017\n    at _handleConnectionErrors (D:\\chat-support-backend\\node_modules\\mongoose\\lib\\connection.js:816:11)\n    at NativeConnection.openUri (D:\\chat-support-backend\\node_modules\\mongoose\\lib\\connection.js:791:11)\n    at async connectDatabase (D:\\chat-support-backend\\src\\config\\database.js:13:5)\n    at async startServer (D:\\chat-support-backend\\server.js:132:5)","timestamp":"2025-08-29 21:44:41"}
{"error":"connect ECONNREFUSED ::1:27017, connect ECONNREFUSED 127.0.0.1:27017","level":"error","message":"Failed to connect to MongoDB","service":"chat-support-backend","stack":"MongooseServerSelectionError: connect ECONNREFUSED ::1:27017, connect ECONNREFUSED 127.0.0.1:27017\n    at _handleConnectionErrors (D:\\chat-support-backend\\node_modules\\mongoose\\lib\\connection.js:816:11)\n    at NativeConnection.openUri (D:\\chat-support-backend\\node_modules\\mongoose\\lib\\connection.js:791:11)\n    at async connectDatabase (D:\\chat-support-backend\\src\\config\\database.js:13:5)\n    at async startServer (D:\\chat-support-backend\\server.js:132:5)","timestamp":"2025-08-29 21:59:05"}
{"error":"connect ECONNREFUSED ::1:27017, connect ECONNREFUSED 127.0.0.1:27017","level":"error","message":"Failed to connect to MongoDB","service":"chat-support-backend","stack":"MongooseServerSelectionError: connect ECONNREFUSED ::1:27017, connect ECONNREFUSED 127.0.0.1:27017\n    at _handleConnectionErrors (D:\\chat-support-backend\\node_modules\\mongoose\\lib\\connection.js:816:11)\n    at NativeConnection.openUri (D:\\chat-support-backend\\node_modules\\mongoose\\lib\\connection.js:791:11)\n    at async connectDatabase (D:\\chat-support-backend\\src\\config\\database.js:13:5)\n    at async startServer (D:\\chat-support-backend\\server.js:132:25)","timestamp":"2025-08-29 22:00:14"}
{"error":"connect ECONNREFUSED ::1:27017, connect ECONNREFUSED 127.0.0.1:27017","level":"error","message":"Failed to connect to MongoDB","service":"chat-support-backend","stack":"MongooseServerSelectionError: connect ECONNREFUSED ::1:27017, connect ECONNREFUSED 127.0.0.1:27017\n    at _handleConnectionErrors (D:\\chat-support-backend\\node_modules\\mongoose\\lib\\connection.js:816:11)\n    at NativeConnection.openUri (D:\\chat-support-backend\\node_modules\\mongoose\\lib\\connection.js:791:11)\n    at async connectDatabase (D:\\chat-support-backend\\src\\config\\database.js:13:5)\n    at async startServer (D:\\chat-support-backend\\server.js:132:25)","timestamp":"2025-08-29 22:00:49"}
{"error":"connect ECONNREFUSED ::1:27017, connect ECONNREFUSED 127.0.0.1:27017","level":"error","message":"Failed to connect to MongoDB","service":"chat-support-backend","stack":"MongooseServerSelectionError: connect ECONNREFUSED ::1:27017, connect ECONNREFUSED 127.0.0.1:27017\n    at _handleConnectionErrors (D:\\chat-support-backend\\node_modules\\mongoose\\lib\\connection.js:816:11)\n    at NativeConnection.openUri (D:\\chat-support-backend\\node_modules\\mongoose\\lib\\connection.js:791:11)\n    at async connectDatabase (D:\\chat-support-backend\\src\\config\\database.js:13:5)\n    at async startServer (D:\\chat-support-backend\\server.js:132:25)","timestamp":"2025-08-29 22:02:20"}
{"error":"connect ECONNREFUSED ::1:27017, connect ECONNREFUSED 127.0.0.1:27017","level":"error","message":"Failed to connect to MongoDB","service":"chat-support-backend","stack":"MongooseServerSelectionError: connect ECONNREFUSED ::1:27017, connect ECONNREFUSED 127.0.0.1:27017\n    at _handleConnectionErrors (D:\\chat-support-backend\\node_modules\\mongoose\\lib\\connection.js:816:11)\n    at NativeConnection.openUri (D:\\chat-support-backend\\node_modules\\mongoose\\lib\\connection.js:791:11)\n    at async connectDatabase (D:\\chat-support-backend\\src\\config\\database.js:13:5)\n    at async startServer (D:\\chat-support-backend\\server.js:132:25)","timestamp":"2025-08-29 22:02:55"}
{"error":"querySrv ENOTFOUND _mongodb._tcp.cluster0.xxxxx.mongodb.net","level":"error","message":"Failed to connect to MongoDB","service":"chat-support-backend","stack":"Error: querySrv ENOTFOUND _mongodb._tcp.cluster0.xxxxx.mongodb.net\n    at QueryReqWrap.onresolve [as oncomplete] (node:internal/dns/promises:293:17)","timestamp":"2025-08-29 22:18:44"}
{"dbName":"chat-support","level":"info","message":"MongoDB connected successfully","service":"chat-support-backend","timestamp":"2025-08-29 22:20:28","uri":"mongodb+srv://***:***@cluster0.flto5mh.mongodb.net/chat-support?retryWrites=true&w=majority&appName=Cluster0"}
{"level":"info","message":"Default agents initialized","service":"chat-support-backend","timestamp":"2025-08-29 22:20:29"}
{"database":"connected","environment":"development","frontendUrl":"http://localhost:3000","level":"info","message":"Chat Support Server Started","port":"5000","service":"chat-support-backend","timestamp":"2025-08-29 22:20:29"}
{"dbName":"chat-support","level":"info","message":"MongoDB connected successfully","service":"chat-support-backend","timestamp":"2025-08-29 22:35:57","uri":"mongodb+srv://***:***@cluster0.flto5mh.mongodb.net/chat-support?retryWrites=true&w=majority&appName=Cluster0"}
{"level":"info","message":"Default agents initialized","service":"chat-support-backend","timestamp":"2025-08-29 22:35:57"}
{"database":"connected","environment":"development","frontendUrl":"http://localhost:5173","level":"info","message":"Chat Support Server Started","port":"5000","service":"chat-support-backend","timestamp":"2025-08-29 22:35:57"}
{"dbName":"chat-support","level":"info","message":"MongoDB connected successfully","service":"chat-support-backend","timestamp":"2025-08-29 23:03:25","uri":"mongodb+srv://***:***@cluster0.flto5mh.mongodb.net/chat-support?retryWrites=true&w=majority&appName=Cluster0"}
{"level":"info","message":"Default agents initialized","service":"chat-support-backend","timestamp":"2025-08-29 23:03:25"}
{"database":"connected","environment":"development","frontendUrl":"http://localhost:5173","level":"info","message":"Chat Support Server Started","port":"5000","service":"chat-support-backend","timestamp":"2025-08-29 23:03:25"}
{"dbName":"chat-support","level":"info","message":"MongoDB connected successfully","service":"chat-support-backend","timestamp":"2025-08-30 12:21:37","uri":"mongodb+srv://***:***@cluster0.flto5mh.mongodb.net/chat-support?retryWrites=true&w=majority&appName=Cluster0"}
{"level":"info","message":"Default agents initialized","service":"chat-support-backend","timestamp":"2025-08-30 12:21:37"}
{"database":"connected","environment":"development","frontendUrl":"http://localhost:5173","level":"info","message":"Chat Support Server Started","port":"5000","service":"chat-support-backend","timestamp":"2025-08-30 12:21:37"}
{"ip":"::1","level":"info","message":"Incoming request","method":"GET","service":"chat-support-backend","timestamp":"2025-08-30 12:22:18","url":"/","userAgent":"PostmanRuntime/7.45.0"}
{"duration":"9ms","level":"info","message":"Request completed","method":"GET","service":"chat-support-backend","statusCode":200,"timestamp":"2025-08-30 12:22:18","url":"/"}
{"ip":"::1","level":"info","message":"Incoming request","method":"POST","service":"chat-support-backend","timestamp":"2025-08-30 12:22:31","url":"/api/auth/token","userAgent":"PostmanRuntime/7.45.0"}
{"expiresInDays":30,"level":"info","message":"JWT issued","service":"chat-support-backend","timestamp":"2025-08-30 12:22:31","userId":"user123","userType":"user"}
{"duration":"10ms","level":"info","message":"Request completed","method":"POST","service":"chat-support-backend","statusCode":201,"timestamp":"2025-08-30 12:22:31","url":"/auth/token"}
{"ip":"::1","level":"info","message":"Incoming request","method":"POST","service":"chat-support-backend","timestamp":"2025-08-30 12:23:10","url":"/api/chat/start-session","userAgent":"PostmanRuntime/7.45.0"}
{"level":"info","message":"JWT authentication successful","method":"POST","service":"chat-support-backend","timestamp":"2025-08-30 12:23:10","url":"/start-session","userId":"user123"}
{"agentId":"68b1da555b74c271f9f1eb21","level":"info","message":"Session created","service":"chat-support-backend","sessionId":"68b29fd685d4e8840e46e34b","timestamp":"2025-08-30 12:23:11","userId":"user123","userType":"user"}
{"agentId":"68b1da555b74c271f9f1eb21","level":"info","message":"Chat session started via API","service":"chat-support-backend","sessionId":"68b29fd685d4e8840e46e34b","status":"active","timestamp":"2025-08-30 12:23:11","userId":"user123","userType":"user"}
{"duration":"1062ms","level":"info","message":"Request completed","method":"POST","service":"chat-support-backend","statusCode":201,"timestamp":"2025-08-30 12:23:11","url":"/start-session"}
{"ip":"::1","level":"info","message":"Incoming request","method":"GET","service":"chat-support-backend","timestamp":"2025-08-30 12:23:50","url":"/api/health","userAgent":"PostmanRuntime/7.45.0"}
{"dbStatus":"connected","level":"info","message":"Health check performed","service":"chat-support-backend","status":"healthy","timestamp":"2025-08-30 12:23:50","uptime":140.3241109}
{"duration":"63ms","level":"info","message":"Request completed","method":"GET","service":"chat-support-backend","statusCode":200,"timestamp":"2025-08-30 12:23:50","url":"/health"}
{"ip":"::1","level":"info","message":"Incoming request","method":"GET","service":"chat-support-backend","timestamp":"2025-08-30 12:24:43","url":"/api/chat/session/68b29fd685d4e8840e46e34b","userAgent":"PostmanRuntime/7.45.0"}
{"level":"info","message":"JWT authentication successful","method":"GET","service":"chat-support-backend","timestamp":"2025-08-30 12:24:43","url":"/session/68b29fd685d4e8840e46e34b","userId":"user123"}
{"duration":"322ms","level":"info","message":"Request completed","method":"GET","service":"chat-support-backend","statusCode":200,"timestamp":"2025-08-30 12:24:43","url":"/session/68b29fd685d4e8840e46e34b"}
{"ip":"::1","level":"info","message":"Incoming request","method":"GET","service":"chat-support-backend","timestamp":"2025-08-30 12:25:38","url":"/api/chat/session/68b29fd685d4e8840e46e34b","userAgent":"PostmanRuntime/7.45.0"}
{"level":"info","message":"JWT authentication successful","method":"GET","service":"chat-support-backend","timestamp":"2025-08-30 12:25:38","url":"/session/68b29fd685d4e8840e46e34b","userId":"user123"}
{"duration":"456ms","level":"info","message":"Request completed","method":"GET","service":"chat-support-backend","statusCode":200,"timestamp":"2025-08-30 12:25:38","url":"/session/68b29fd685d4e8840e46e34b"}
{"ip":"::1","level":"info","message":"Incoming request","method":"POST","service":"chat-support-backend","timestamp":"2025-08-30 12:26:23","url":"/api/chat/send-message/68b29fd685d4e8840e46e34b","userAgent":"PostmanRuntime/7.45.0"}
{"level":"info","message":"JWT authentication successful","method":"POST","service":"chat-support-backend","timestamp":"2025-08-30 12:26:23","url":"/send-message/68b29fd685d4e8840e46e34b","userId":"user123"}
{"level":"info","message":"Message added to session","messageId":"68b2a09885d4e8840e46e35a","senderType":"user","service":"chat-support-backend","sessionId":"68b29fd685d4e8840e46e34b","timestamp":"2025-08-30 12:26:24"}
{"level":"info","message":"Message sent via HTTP API","messageId":"68b2a09885d4e8840e46e35a","messageLength":32,"senderId":"user123","senderType":"user","service":"chat-support-backend","sessionId":"68b29fd685d4e8840e46e34b","timestamp":"2025-08-30 12:26:24"}
{"duration":"518ms","level":"info","message":"Request completed","method":"POST","service":"chat-support-backend","statusCode":201,"timestamp":"2025-08-30 12:26:24","url":"/send-message/68b29fd685d4e8840e46e34b"}
{"ip":"::1","level":"info","message":"Incoming request","method":"POST","service":"chat-support-backend","timestamp":"2025-08-30 12:27:10","url":"/api/chat/end-session/68b29fd685d4e8840e46e34b","userAgent":"PostmanRuntime/7.45.0"}
{"level":"info","message":"JWT authentication successful","method":"POST","service":"chat-support-backend","timestamp":"2025-08-30 12:27:10","url":"/end-session/68b29fd685d4e8840e46e34b","userId":"user123"}
{"duration":240017,"level":"info","message":"Session ended","reason":"User ended session","service":"chat-support-backend","sessionId":"68b29fd685d4e8840e46e34b","timestamp":"2025-08-30 12:27:11"}
{"agentId":"68b1da555b74c271f9f1eb21","duration":240017,"level":"info","message":"Chat session ended via API","reason":"User ended session","service":"chat-support-backend","sessionId":"68b29fd685d4e8840e46e34b","timestamp":"2025-08-30 12:27:11"}
{"duration":"800ms","level":"info","message":"Request completed","method":"POST","service":"chat-support-backend","statusCode":200,"timestamp":"2025-08-30 12:27:11","url":"/end-session/68b29fd685d4e8840e46e34b"}
{"ip":"::1","level":"info","message":"Incoming request","method":"GET","service":"chat-support-backend","timestamp":"2025-08-30 12:27:36","url":"/api/chat/stats","userAgent":"PostmanRuntime/7.45.0"}
{"error":"invalid signature","level":"warn","message":"JWT authentication failed","method":"GET","service":"chat-support-backend","timestamp":"2025-08-30 12:27:36","url":"/stats"}
{"duration":"3ms","level":"info","message":"Request completed","method":"GET","service":"chat-support-backend","statusCode":403,"timestamp":"2025-08-30 12:27:36","url":"/stats"}
{"ip":"::1","level":"info","message":"Incoming request","method":"GET","service":"chat-support-backend","timestamp":"2025-08-30 12:27:59","url":"/api/chat/stats","userAgent":"PostmanRuntime/7.45.0"}
{"level":"info","message":"JWT authentication successful","method":"GET","service":"chat-support-backend","timestamp":"2025-08-30 12:27:59","url":"/stats","userId":"user123"}
{"activeSessions":0,"level":"info","message":"System stats requested","requestedBy":"user123","service":"chat-support-backend","timestamp":"2025-08-30 12:27:59","totalAgents":3}
{"duration":"588ms","level":"info","message":"Request completed","method":"GET","service":"chat-support-backend","statusCode":200,"timestamp":"2025-08-30 12:27:59","url":"/stats"}
{"level":"warn","message":"MongoDB disconnected","service":"chat-support-backend","timestamp":"2025-08-30 15:32:57"}
{"level":"info","message":"MongoDB reconnected","service":"chat-support-backend","timestamp":"2025-08-30 15:33:08"}
{"level":"info","message":"SIGINT received. Shutting down gracefully...","service":"chat-support-backend","timestamp":"2025-08-30 15:35:19"}
